<?xml version="1.0" encoding="UTF-8"?>
<!-- Generated by org.testng.reporters.JUnitReportReporter -->
<testsuite hostname="DESKTOP-5M61TFS" failures="0" tests="1" name="TestPKG.verifyUserCanAddToCart" time="50.521" errors="0" timestamp="2022-07-10T19:22:23 IST" skipped="0">
  <testcase classname="TestPKG.verifyUserCanAddToCart" name="productAddToCart" time="50.521"/>
  <system-out/>
</testsuite> <!-- TestPKG.verifyUserCanAddToCart -->
