<?xml version="1.0" encoding="UTF-8"?>
<!-- Generated by org.testng.reporters.JUnitReportReporter -->
<testsuite hostname="DESKTOP-5M61TFS" failures="0" tests="1" name="TestPKG.VerifyNewUserCanRegister" time="37.345" errors="0" timestamp="2022-07-10T15:52:59 IST" skipped="0">
  <testcase classname="TestPKG.VerifyNewUserCanRegister" name="userCanAddData" time="37.345"/>
  <system-out/>
</testsuite> <!-- TestPKG.VerifyNewUserCanRegister -->
