<?xml version="1.0" encoding="UTF-8"?>
<!-- Generated by org.testng.reporters.JUnitReportReporter -->
<testsuite hostname="DESKTOP-5M61TFS" failures="0" tests="1" name="TestPKG.verifyUserCanLogin" time="33.031" errors="0" timestamp="2022-07-10T16:08:11 IST" skipped="0">
  <testcase classname="TestPKG.verifyUserCanLogin" name="verifyUserOnLoginPage" time="33.031"/>
  <system-out/>
</testsuite> <!-- TestPKG.verifyUserCanLogin -->
