<?xml version="1.0" encoding="UTF-8"?>
<!-- Generated by org.testng.reporters.JUnitReportReporter -->
<testsuite hostname="DESKTOP-5M61TFS" failures="0" tests="1" name="TestPKG.searchProductList" time="17.925" errors="0" timestamp="2022-07-10T16:10:48 IST" skipped="0">
  <testcase classname="TestPKG.searchProductList" name="searchList" time="17.925"/>
  <system-out/>
</testsuite> <!-- TestPKG.searchProductList -->
