<?xml version="1.0" encoding="UTF-8"?>
<!-- Generated by org.testng.reporters.JUnitReportReporter -->
<testsuite hostname="DESKTOP-5M61TFS" failures="0" tests="1" name="TestPKG.VerifyNewUserCanRegister" time="15.032" errors="0" timestamp="2022-07-08T11:39:43 IST" skipped="0">
  <testcase classname="TestPKG.VerifyNewUserCanRegister" name="userCanAddData" time="15.032"/>
  <system-out/>
</testsuite> <!-- TestPKG.VerifyNewUserCanRegister -->
